<?xml version="1.0" encoding="UTF-8"?>
<coverage generated="1644498034547" clover="3.2.0">
  <project timestamp="1644498034547" name="All files">
    <metrics statements="43" coveredstatements="23" conditionals="25" coveredconditionals="11" methods="11" coveredmethods="7" elements="79" coveredelements="41" complexity="0" loc="43" ncloc="43" packages="1" files="1" classes="1"/>
    <file name="plugin.ts" path="/home/sjsanc/work/i18next-locale-sync/src/plugin.ts">
      <metrics statements="43" coveredstatements="23" conditionals="25" coveredconditionals="11" methods="11" coveredmethods="7"/>
      <line num="2" count="1" type="stmt"/>
      <line num="4" count="1" type="stmt"/>
      <line num="7" count="1" type="stmt"/>
      <line num="10" count="1" type="stmt"/>
      <line num="19" count="0" type="stmt"/>
      <line num="20" count="0" type="cond" truecount="0" falsecount="2"/>
      <line num="21" count="0" type="cond" truecount="0" falsecount="2"/>
      <line num="22" count="0" type="cond" truecount="0" falsecount="2"/>
      <line num="23" count="0" type="cond" truecount="0" falsecount="2"/>
      <line num="24" count="0" type="stmt"/>
      <line num="25" count="0" type="stmt"/>
      <line num="27" count="0" type="stmt"/>
      <line num="31" count="4" type="cond" truecount="3" falsecount="0"/>
      <line num="35" count="2" type="cond" truecount="1" falsecount="0"/>
      <line num="36" count="1" type="stmt"/>
      <line num="37" count="1" type="cond" truecount="3" falsecount="0"/>
      <line num="38" count="1" type="stmt"/>
      <line num="39" count="2" type="cond" truecount="1" falsecount="1"/>
      <line num="40" count="0" type="cond" truecount="0" falsecount="1"/>
      <line num="41" count="0" type="stmt"/>
      <line num="43" count="2" type="cond" truecount="1" falsecount="0"/>
      <line num="47" count="1" type="stmt"/>
      <line num="51" count="0" type="stmt"/>
      <line num="52" count="0" type="stmt"/>
      <line num="53" count="0" type="stmt"/>
      <line num="54" count="0" type="stmt"/>
      <line num="55" count="0" type="cond" truecount="0" falsecount="1"/>
      <line num="56" count="0" type="cond" truecount="0" falsecount="2"/>
      <line num="57" count="0" type="stmt"/>
      <line num="58" count="0" type="stmt"/>
      <line num="60" count="0" type="stmt"/>
      <line num="65" count="0" type="stmt"/>
      <line num="69" count="1" type="stmt"/>
      <line num="70" count="1" type="stmt"/>
      <line num="71" count="1" type="stmt"/>
      <line num="73" count="1" type="stmt"/>
      <line num="74" count="2" type="stmt"/>
      <line num="80" count="1" type="cond" truecount="1" falsecount="0"/>
      <line num="81" count="1" type="stmt"/>
      <line num="82" count="1" type="stmt"/>
      <line num="83" count="2" type="cond" truecount="1" falsecount="0"/>
      <line num="84" count="1" type="stmt"/>
      <line num="85" count="1" type="stmt"/>
    </file>
  </project>
</coverage>
