{"/home/sjsanc/work/i18next-locale-sync/src/plugin.ts": {"path":"/home/sjsanc/work/i18next-locale-sync/src/plugin.ts","statementMap":{"0":{"start":{"line":2,"column":0},"end":{"line":2,"column":20}},"1":{"start":{"line":7,"column":66},"end":{"line":7,"column":75}},"2":{"start":{"line":10,"column":4},"end":{"line":10,"column":43}},"3":{"start":{"line":19,"column":4},"end":{"line":26,"column":null}},"4":{"start":{"line":20,"column":18},"end":{"line":20,"column":55}},"5":{"start":{"line":21,"column":6},"end":{"line":25,"column":50}},"6":{"start":{"line":22,"column":8},"end":{"line":24,"column":37}},"7":{"start":{"line":22,"column":29},"end":{"line":22,"column":46}},"8":{"start":{"line":23,"column":13},"end":{"line":24,"column":37}},"9":{"start":{"line":23,"column":36},"end":{"line":23,"column":53}},"10":{"start":{"line":24,"column":13},"end":{"line":24,"column":37}},"11":{"start":{"line":25,"column":13},"end":{"line":25,"column":50}},"12":{"start":{"line":27,"column":4},"end":{"line":27,"column":27}},"13":{"start":{"line":31,"column":4},"end":{"line":31,"column":68}},"14":{"start":{"line":35,"column":4},"end":{"line":35,"column":39}},"15":{"start":{"line":35,"column":25},"end":{"line":35,"column":39}},"16":{"start":{"line":36,"column":19},"end":{"line":36,"column":34}},"17":{"start":{"line":37,"column":4},"end":{"line":46,"column":null}},"18":{"start":{"line":38,"column":6},"end":{"line":45,"column":null}},"19":{"start":{"line":39,"column":8},"end":{"line":44,"column":null}},"20":{"start":{"line":40,"column":10},"end":{"line":40,"column":65}},"21":{"start":{"line":40,"column":28},"end":{"line":40,"column":65}},"22":{"start":{"line":41,"column":10},"end":{"line":41,"column":51}},"23":{"start":{"line":43,"column":10},"end":{"line":43,"column":65}},"24":{"start":{"line":43,"column":28},"end":{"line":43,"column":65}},"25":{"start":{"line":47,"column":4},"end":{"line":47,"column":46}},"26":{"start":{"line":51,"column":19},"end":{"line":51,"column":28}},"27":{"start":{"line":52,"column":4},"end":{"line":64,"column":7}},"28":{"start":{"line":53,"column":19},"end":{"line":53,"column":35}},"29":{"start":{"line":54,"column":6},"end":{"line":63,"column":null}},"30":{"start":{"line":55,"column":8},"end":{"line":62,"column":null}},"31":{"start":{"line":56,"column":10},"end":{"line":61,"column":null}},"32":{"start":{"line":57,"column":27},"end":{"line":57,"column":71}},"33":{"start":{"line":58,"column":12},"end":{"line":58,"column":36}},"34":{"start":{"line":60,"column":12},"end":{"line":60,"column":47}},"35":{"start":{"line":65,"column":4},"end":{"line":65,"column":76}},"36":{"start":{"line":65,"column":49},"end":{"line":65,"column":73}},"37":{"start":{"line":69,"column":4},"end":{"line":88,"column":7}},"38":{"start":{"line":70,"column":6},"end":{"line":70,"column":38}},"39":{"start":{"line":71,"column":18},"end":{"line":71,"column":31}},"40":{"start":{"line":73,"column":6},"end":{"line":78,"column":9}},"41":{"start":{"line":74,"column":8},"end":{"line":77,"column":11}},"42":{"start":{"line":80,"column":6},"end":{"line":87,"column":null}},"43":{"start":{"line":81,"column":8},"end":{"line":86,"column":11}},"44":{"start":{"line":82,"column":10},"end":{"line":85,"column":null}},"45":{"start":{"line":83,"column":28},"end":{"line":83,"column":76}},"46":{"start":{"line":84,"column":12},"end":{"line":84,"column":62}},"47":{"start":{"line":4,"column":0},"end":{"line":4,"column":21}}},"fnMap":{"0":{"name":"(anonymous_1)","decl":{"start":{"line":9,"column":2},"end":{"line":9,"column":14}},"loc":{"start":{"line":9,"column":24},"end":{"line":11,"column":3}}},"1":{"name":"(anonymous_2)","decl":{"start":{"line":13,"column":2},"end":{"line":13,"column":9}},"loc":{"start":{"line":17,"column":23},"end":{"line":28,"column":3}}},"2":{"name":"(anonymous_3)","decl":{"start":{"line":30,"column":2},"end":{"line":30,"column":10}},"loc":{"start":{"line":30,"column":20},"end":{"line":32,"column":3}}},"3":{"name":"(anonymous_4)","decl":{"start":{"line":34,"column":2},"end":{"line":34,"column":11}},"loc":{"start":{"line":34,"column":40},"end":{"line":48,"column":3}}},"4":{"name":"(anonymous_5)","decl":{"start":{"line":50,"column":2},"end":{"line":50,"column":9}},"loc":{"start":{"line":50,"column":34},"end":{"line":66,"column":3}}},"5":{"name":"(anonymous_6)","decl":{"start":{"line":52,"column":20},"end":{"line":52,"column":21}},"loc":{"start":{"line":52,"column":28},"end":{"line":64,"column":5}}},"6":{"name":"(anonymous_7)","decl":{"start":{"line":65,"column":30},"end":{"line":65,"column":31}},"loc":{"start":{"line":65,"column":49},"end":{"line":65,"column":73}}},"7":{"name":"(anonymous_8)","decl":{"start":{"line":68,"column":2},"end":{"line":68,"column":7}},"loc":{"start":{"line":68,"column":26},"end":{"line":89,"column":3}}},"8":{"name":"(anonymous_9)","decl":{"start":{"line":69,"column":55},"end":{"line":69,"column":56}},"loc":{"start":{"line":69,"column":84},"end":{"line":88,"column":5}}},"9":{"name":"(anonymous_10)","decl":{"start":{"line":73,"column":34},"end":{"line":73,"column":35}},"loc":{"start":{"line":73,"column":40},"end":{"line":78,"column":7}}},"10":{"name":"(anonymous_11)","decl":{"start":{"line":81,"column":34},"end":{"line":81,"column":35}},"loc":{"start":{"line":81,"column":43},"end":{"line":86,"column":9}}}},"branchMap":{"0":{"loc":{"start":{"line":16,"column":4},"end":{"line":16,"column":20}},"type":"default-arg","locations":[{"start":{"line":16,"column":18},"end":{"line":16,"column":20}}]},"1":{"loc":{"start":{"line":20,"column":18},"end":{"line":20,"column":55}},"type":"cond-expr","locations":[{"start":{"line":20,"column":31},"end":{"line":20,"column":51}},{"start":{"line":20,"column":54},"end":{"line":20,"column":55}}]},"2":{"loc":{"start":{"line":21,"column":6},"end":{"line":25,"column":50}},"type":"if","locations":[{"start":{"line":21,"column":6},"end":{"line":25,"column":50}},{"start":{"line":25,"column":13},"end":{"line":25,"column":50}}]},"3":{"loc":{"start":{"line":22,"column":8},"end":{"line":24,"column":37}},"type":"if","locations":[{"start":{"line":22,"column":8},"end":{"line":24,"column":37}},{"start":{"line":23,"column":13},"end":{"line":24,"column":37}}]},"4":{"loc":{"start":{"line":23,"column":13},"end":{"line":24,"column":37}},"type":"if","locations":[{"start":{"line":23,"column":13},"end":{"line":24,"column":37}},{"start":{"line":24,"column":13},"end":{"line":24,"column":37}}]},"5":{"loc":{"start":{"line":31,"column":11},"end":{"line":31,"column":67}},"type":"binary-expr","locations":[{"start":{"line":31,"column":11},"end":{"line":31,"column":15}},{"start":{"line":31,"column":19},"end":{"line":31,"column":43}},{"start":{"line":31,"column":47},"end":{"line":31,"column":67}}]},"6":{"loc":{"start":{"line":35,"column":4},"end":{"line":35,"column":39}},"type":"if","locations":[{"start":{"line":35,"column":4},"end":{"line":35,"column":39}}]},"7":{"loc":{"start":{"line":37,"column":4},"end":{"line":46,"column":null}},"type":"if","locations":[{"start":{"line":37,"column":4},"end":{"line":46,"column":null}}]},"8":{"loc":{"start":{"line":37,"column":8},"end":{"line":37,"column":54}},"type":"binary-expr","locations":[{"start":{"line":37,"column":8},"end":{"line":37,"column":29}},{"start":{"line":37,"column":33},"end":{"line":37,"column":54}}]},"9":{"loc":{"start":{"line":39,"column":8},"end":{"line":44,"column":null}},"type":"if","locations":[{"start":{"line":39,"column":8},"end":{"line":44,"column":null}},{"start":{"line":42,"column":15},"end":{"line":44,"column":null}}]},"10":{"loc":{"start":{"line":40,"column":10},"end":{"line":40,"column":65}},"type":"if","locations":[{"start":{"line":40,"column":10},"end":{"line":40,"column":65}}]},"11":{"loc":{"start":{"line":43,"column":10},"end":{"line":43,"column":65}},"type":"if","locations":[{"start":{"line":43,"column":10},"end":{"line":43,"column":65}}]},"12":{"loc":{"start":{"line":55,"column":8},"end":{"line":62,"column":null}},"type":"if","locations":[{"start":{"line":55,"column":8},"end":{"line":62,"column":null}}]},"13":{"loc":{"start":{"line":56,"column":10},"end":{"line":61,"column":null}},"type":"if","locations":[{"start":{"line":56,"column":10},"end":{"line":61,"column":null}},{"start":{"line":59,"column":17},"end":{"line":61,"column":null}}]},"14":{"loc":{"start":{"line":80,"column":6},"end":{"line":87,"column":null}},"type":"if","locations":[{"start":{"line":80,"column":6},"end":{"line":87,"column":null}}]},"15":{"loc":{"start":{"line":82,"column":10},"end":{"line":85,"column":null}},"type":"if","locations":[{"start":{"line":82,"column":10},"end":{"line":85,"column":null}}]}},"s":{"0":1,"1":1,"2":1,"3":0,"4":0,"5":0,"6":0,"7":0,"8":0,"9":0,"10":0,"11":0,"12":0,"13":1,"14":2,"15":1,"16":1,"17":1,"18":0,"19":0,"20":0,"21":0,"22":0,"23":0,"24":0,"25":1,"26":0,"27":0,"28":0,"29":0,"30":0,"31":0,"32":0,"33":0,"34":0,"35":0,"36":0,"37":1,"38":1,"39":1,"40":1,"41":2,"42":1,"43":1,"44":2,"45":1,"46":1,"47":1},"f":{"0":1,"1":0,"2":1,"3":2,"4":0,"5":0,"6":0,"7":1,"8":1,"9":2,"10":2},"b":{"0":[0],"1":[0,0],"2":[0,0],"3":[0,0],"4":[0,0],"5":[1,1,0],"6":[1],"7":[0],"8":[1,0],"9":[0,0],"10":[0],"11":[0],"12":[0],"13":[0,0],"14":[1],"15":[1]}}
}
