TN:
SF:src/plugin.ts
FN:9,(anonymous_1)
FN:13,(anonymous_2)
FN:30,(anonymous_3)
FN:34,(anonymous_4)
FN:50,(anonymous_5)
FN:52,(anonymous_6)
FN:65,(anonymous_7)
FN:68,(anonymous_8)
FN:69,(anonymous_9)
FN:73,(anonymous_10)
FN:81,(anonymous_11)
FNF:11
FNH:7
FNDA:1,(anonymous_1)
FNDA:0,(anonymous_2)
FNDA:1,(anonymous_3)
FNDA:2,(anonymous_4)
FNDA:0,(anonymous_5)
FNDA:0,(anonymous_6)
FNDA:0,(anonymous_7)
FNDA:1,(anonymous_8)
FNDA:1,(anonymous_9)
FNDA:2,(anonymous_10)
FNDA:2,(anonymous_11)
DA:2,1
DA:4,1
DA:7,1
DA:10,1
DA:19,0
DA:20,0
DA:21,0
DA:22,0
DA:23,0
DA:24,0
DA:25,0
DA:27,0
DA:31,1
DA:35,2
DA:36,1
DA:37,1
DA:38,0
DA:39,0
DA:40,0
DA:41,0
DA:43,0
DA:47,1
DA:51,0
DA:52,0
DA:53,0
DA:54,0
DA:55,0
DA:56,0
DA:57,0
DA:58,0
DA:60,0
DA:65,0
DA:69,1
DA:70,1
DA:71,1
DA:73,1
DA:74,2
DA:80,1
DA:81,1
DA:82,2
DA:83,1
DA:84,1
LF:42
LH:19
BRDA:16,0,0,0
BRDA:20,1,0,0
BRDA:20,1,1,0
BRDA:21,2,0,0
BRDA:21,2,1,0
BRDA:22,3,0,0
BRDA:22,3,1,0
BRDA:23,4,0,0
BRDA:23,4,1,0
BRDA:31,5,0,1
BRDA:31,5,1,1
BRDA:31,5,2,0
BRDA:35,6,0,1
BRDA:37,7,0,0
BRDA:37,8,0,1
BRDA:37,8,1,0
BRDA:39,9,0,0
BRDA:39,9,1,0
BRDA:40,10,0,0
BRDA:43,11,0,0
BRDA:55,12,0,0
BRDA:56,13,0,0
BRDA:56,13,1,0
BRDA:80,14,0,1
BRDA:82,15,0,1
BRF:25
BRH:6
end_of_record
